\BOOKMARK [1][-]{section.1}{\376\377\000E\000i\000n\000l\000e\000i\000t\000u\000n\000g}{}
\BOOKMARK [2][-]{subsection.1.1}{\376\377\000A\000u\000f\000b\000a\000u\000\040\000d\000e\000r\000\040\000A\000r\000b\000e\000i\000t}{section.1}
\BOOKMARK [1][-]{section.2}{\376\377\000D\000e\000f\000i\000n\000i\000t\000i\000o\000n\000\040\000u\000n\000d\000\040\000V\000e\000r\000t\000i\000e\000f\000u\000n\000g\000\040\000d\000e\000r\000\040\000F\000r\000a\000g\000e\000s\000t\000e\000l\000l\000u\000n\000g}{}
\BOOKMARK [2][-]{subsection.2.1}{\376\377\000H\000i\000s\000t\000o\000r\000i\000s\000c\000h\000e\000\040\000A\000n\000a\000l\000o\000g\000i\000e}{section.2}
\BOOKMARK [2][-]{subsection.2.2}{\376\377\000W\000i\000r\000k\000u\000n\000g\000s\000\344\000s\000t\000h\000e\000t\000i\000k}{section.2}
\BOOKMARK [1][-]{section.3}{\376\377\000D\000e\000r\000\040\000a\000u\000f\000h\000a\000l\000t\000s\000a\000m\000e\000\040\000A\000u\000f\000s\000t\000i\000e\000g\000\040\000d\000e\000s\000\040\000A\000r\000t\000u\000r\000o\000\040\000U\000i}{}
\BOOKMARK [2][-]{subsection.3.1}{\376\377\000E\000n\000t\000s\000t\000e\000h\000u\000n\000g\000s\000g\000e\000s\000c\000h\000i\000c\000h\000t\000e\000\040\000u\000n\000d\000\040\000H\000i\000n\000t\000e\000r\000g\000r\000\374\000n\000d\000e}{section.3}
\BOOKMARK [2][-]{subsection.3.2}{\376\377\000Z\000u\000m\000\040\000T\000e\000x\000t\000\040}{section.3}
\BOOKMARK [3][-]{subsubsection.3.2.1}{\376\377\000A\000u\000f\000b\000a\000u\000\040\000d\000e\000s\000\040\000D\000r\000a\000m\000a\000s}{subsection.3.2}
\BOOKMARK [3][-]{subsubsection.3.2.2}{\376\377\000F\000i\000g\000u\000r\000e\000n\000k\000o\000n\000s\000t\000e\000l\000l\000a\000t\000i\000o\000n}{subsection.3.2}
\BOOKMARK [3][-]{subsubsection.3.2.3}{\376\377\000D\000i\000e\000\040\000D\000o\000p\000p\000e\000l\000v\000e\000r\000f\000r\000e\000m\000d\000u\000n\000g}{subsection.3.2}
\BOOKMARK [2][-]{subsection.3.3}{\376\377\000A\000b\000s\000i\000c\000h\000t\000\040\000u\000n\000d\000\040\000W\000i\000r\000k\000u\000n\000g}{section.3}
\BOOKMARK [3][-]{subsubsection.3.3.1}{\376\377\000I\000n\000t\000e\000n\000t\000i\000o\000n\000\040\000B\000r\000e\000c\000h\000t\000s}{subsection.3.3}
\BOOKMARK [3][-]{subsubsection.3.3.2}{\376\377\000K\000r\000i\000t\000i\000k\000\040\000a\000m\000\040\000F\000a\000s\000c\000h\000i\000s\000m\000u\000s}{subsection.3.3}
\BOOKMARK [3][-]{subsubsection.3.3.3}{\376\377\000W\000i\000r\000k\000u\000n\000g\000\040\000d\000e\000r\000\040\000D\000o\000p\000p\000e\000l\000v\000e\000r\000f\000r\000e\000m\000d\000u\000n\000g}{subsection.3.3}
\BOOKMARK [3][-]{subsubsection.3.3.4}{\376\377\000W\000i\000r\000k\000u\000n\000g\000s\000\344\000s\000t\000h\000e\000t\000i\000s\000c\000h\000e\000\040\000K\000o\000r\000r\000e\000s\000p\000o\000n\000d\000e\000n\000z}{subsection.3.3}
\BOOKMARK [1][-]{section.4}{\376\377\000E\000p\000i\000s\000c\000h\000e\000s\000\040\000T\000h\000e\000a\000t\000e\000r}{}
\BOOKMARK [2][-]{subsection.4.1}{\376\377\000D\000e\000r\000\040\000V\000e\000r\000f\000r\000e\000m\000d\000u\000n\000g\000s\000e\000f\000f\000e\000k\000t}{section.4}
\BOOKMARK [2][-]{subsection.4.2}{\376\377\000T\000h\000e\000a\000t\000e\000r\000\040\000u\000n\000d\000\040\000G\000e\000s\000e\000l\000l\000s\000c\000h\000a\000f\000t\000\040\000\040\000W\000i\000r\000k\000u\000n\000g\000s\000\344\000s\000t\000h\000e\000t\000i\000k}{section.4}
\BOOKMARK [2][-]{subsection.4.3}{\376\377\000A\000r\000t\000u\000r\000o\000\040\000U\000i}{section.4}
\BOOKMARK [1][-]{section.5}{\376\377\000B\000e\000r\000t\000o\000l\000t\000\040\000B\000r\000e\000c\000h\000t}{}
\BOOKMARK [2][-]{subsection.5.1}{\376\377\000F\000r\000\374\000h\000w\000e\000r\000k}{section.5}
\BOOKMARK [2][-]{subsection.5.2}{\376\377\000L\000e\000b\000e\000n\000\040\000i\000m\000\040\000E\000x\000i\000l}{section.5}
\BOOKMARK [2][-]{subsection.5.3}{\376\377\000S\000p\000\344\000t\000w\000e\000r\000k}{section.5}
\BOOKMARK [1][-]{section.6}{\376\377\000R\000e\000s\000\374\000m\000e\000e}{}
\BOOKMARK [2][-]{subsection.6.1}{\376\377\000K\000o\000n\000g\000r\000u\000e\000n\000z\000\040\000A\000b\000s\000i\000c\000h\000t\000\040\000\040\000W\000i\000r\000k\000u\000n\000g}{section.6}
\BOOKMARK [3][-]{subsubsection.6.1.1}{\376\377\000V\000e\000r\000s\000t\000\344\000n\000d\000n\000i\000s\000\040\000v\000o\000n\000\040\000F\000a\000s\000c\000h\000i\000s\000m\000u\000s}{subsection.6.1}
\BOOKMARK [3][-]{subsubsection.6.1.2}{\376\377\000R\000e\000z\000e\000p\000t\000i\000o\000n}{subsection.6.1}
\BOOKMARK [2][-]{subsection.6.2}{\376\377\000N\000a\000c\000h\000b\000e\000t\000r\000a\000c\000h\000t\000u\000n\000g\000\040\000d\000e\000r\000\040\000A\000r\000b\000e\000i\000t}{section.6}
\BOOKMARK [1][-]{section*.2}{\376\377\000L\000i\000t\000e\000r\000a\000t\000u\000r}{}
